<?xml version="1.0" encoding="UTF-8"?>
<testng-results ignored="0" total="1" passed="1" failed="0" skipped="0">
  <reporter-output>
  </reporter-output>
  <suite started-at="2025-05-29T15:49:34 EDT" name="API Tests SUITE" finished-at="2025-05-29T15:49:37 EDT" duration-ms="3343">
    <groups>
    </groups>
    <test started-at="2025-05-29T15:49:34 EDT" name="API TESTS" finished-at="2025-05-29T15:49:37 EDT" duration-ms="3343">
      <class name="com.api.tests.LoginAPITest_1">
        <test-method signature="loginTestAuth()[pri:0, instance:com.api.tests.LoginAPITest_1@1460a8c0]" started-at="2025-05-29T15:49:34 EDT" name="loginTestAuth" description="Verify if login API is working" finished-at="2025-05-29T15:49:37 EDT" duration-ms="3179" status="PASS">
          <reporter-output>
          </reporter-output>
        </test-method> <!-- loginTestAuth -->
      </class> <!-- com.api.tests.LoginAPITest_1 -->
    </test> <!-- API TESTS -->
  </suite> <!-- API Tests SUITE -->
</testng-results>
