<?xml version="1.0" encoding="UTF-8"?>
<testng-results ignored="0" total="1" passed="1" failed="0" skipped="0">
  <reporter-output>
  </reporter-output>
  <suite started-at="2025-05-29T15:48:46 EDT" name="Default suite" finished-at="2025-05-29T15:48:49 EDT" duration-ms="3133">
    <groups>
    </groups>
    <test started-at="2025-05-29T15:48:46 EDT" name="Default test" finished-at="2025-05-29T15:48:49 EDT" duration-ms="3133">
      <class name="com.api.tests.LoginAPITest_1">
        <test-method signature="loginTestAuth()[pri:0, instance:com.api.tests.LoginAPITest_1@7e9131d5]" started-at="2025-05-29T15:48:46 EDT" name="loginTestAuth" description="Verify if login API is working" finished-at="2025-05-29T15:48:49 EDT" duration-ms="3079" status="PASS">
          <reporter-output>
          </reporter-output>
        </test-method> <!-- loginTestAuth -->
      </class> <!-- com.api.tests.LoginAPITest_1 -->
    </test> <!-- Default test -->
  </suite> <!-- Default suite -->
</testng-results>
